[debug] [2021-03-29T07:40:35.688Z] ----------------------------------------------------------------------
[debug] [2021-03-29T07:40:35.691Z] Command:       /Users/canon/.nodebrew/node/v15.2.1/bin/node /Users/canon/.npm_global/bin/firebase emulators:start --only functions
[debug] [2021-03-29T07:40:35.691Z] CLI Version:   9.8.0
[debug] [2021-03-29T07:40:35.691Z] Platform:      darwin
[debug] [2021-03-29T07:40:35.691Z] Node Version:  v15.2.1
[debug] [2021-03-29T07:40:35.701Z] Time:          Mon Mar 29 2021 16:40:35 GMT+0900 (日本標準時)
[debug] [2021-03-29T07:40:35.701Z] ----------------------------------------------------------------------
[debug] 
[debug] [2021-03-29T07:40:35.713Z] > command requires scopes: ["email","openid","https://www.googleapis.com/auth/cloudplatformprojects.readonly","https://www.googleapis.com/auth/firebase","https://www.googleapis.com/auth/cloud-platform"]
[debug] [2021-03-29T07:40:35.714Z] > authorizing via signed-in user
[info] i  emulators: Starting emulators: functions {"metadata":{"emulator":{"name":"hub"},"message":"Starting emulators: functions"}}
[debug] [2021-03-29T07:40:35.740Z] [hub] writing locator at /var/folders/tc/z473llfj4rb7d05j6ppb7wc00000gn/T/hub-account-pbook.json
[warn] ⚠  functions: The following emulators are not running, calls to these services from the Functions emulator will affect production: auth, firestore, database, hosting, pubsub {"metadata":{"emulator":{"name":"functions"},"message":"The following emulators are not running, calls to these services from the Functions emulator will affect production: \u001b[1mauth, firestore, database, hosting, pubsub\u001b[22m"}}
[warn] ⚠  Your requested "node" version "12" doesn't match your global version "15" {"metadata":{"emulator":{"name":"functions"},"message":"Your requested \"node\" version \"12\" doesn't match your global version \"15\""}}
[debug] [2021-03-29T07:40:35.797Z] defaultcredentials: writing to file /Users/canon/.config/firebase/squall0609_kanon_gmail.com_application_default_credentials.json
[debug] [2021-03-29T07:40:35.804Z] Setting GAC to /Users/canon/.config/firebase/squall0609_kanon_gmail.com_application_default_credentials.json {"metadata":{"emulator":{"name":"functions"},"message":"Setting GAC to /Users/canon/.config/firebase/squall0609_kanon_gmail.com_application_default_credentials.json"}}
[debug] [2021-03-29T07:40:35.806Z] > refreshing access token with scopes: []
[debug] [2021-03-29T07:40:35.806Z] >>> HTTP REQUEST POST https://www.googleapis.com/oauth2/v3/token  
 <request body omitted>
[debug] [2021-03-29T07:40:35.977Z] <<< HTTP RESPONSE 200 {"pragma":"no-cache","expires":"Mon, 01 Jan 1990 00:00:00 GMT","cache-control":"no-cache, no-store, max-age=0, must-revalidate","date":"Mon, 29 Mar 2021 07:40:35 GMT","content-type":"application/json; charset=utf-8","vary":"X-Origin, Referer, Origin,Accept-Encoding","server":"scaffolding on HTTPServer2","x-xss-protection":"0","x-frame-options":"SAMEORIGIN","x-content-type-options":"nosniff","alt-svc":"h3-29=\":443\"; ma=2592000,h3-T051=\":443\"; ma=2592000,h3-Q050=\":443\"; ma=2592000,h3-Q046=\":443\"; ma=2592000,h3-Q043=\":443\"; ma=2592000,quic=\":443\"; ma=2592000; v=\"46,43\"","accept-ranges":"none","transfer-encoding":"chunked"}
[debug] [2021-03-29T07:40:35.994Z] >>> [apiv2][query] GET https://firebase.googleapis.com/v1beta1/projects/account-pbook/adminSdkConfig [none]
[debug] [2021-03-29T07:40:36.713Z] <<< [apiv2][status] GET https://firebase.googleapis.com/v1beta1/projects/account-pbook/adminSdkConfig 200
[debug] [2021-03-29T07:40:36.714Z] <<< [apiv2][body] GET https://firebase.googleapis.com/v1beta1/projects/account-pbook/adminSdkConfig {"projectId":"account-pbook","storageBucket":"account-pbook.appspot.com","locationId":"asia-northeast2"}
[debug] [2021-03-29T07:40:36.745Z] Ignoring unsupported arg: auto_download {"metadata":{"emulator":{"name":"ui"},"message":"Ignoring unsupported arg: auto_download"}}
[debug] [2021-03-29T07:40:36.746Z] Ignoring unsupported arg: port {"metadata":{"emulator":{"name":"ui"},"message":"Ignoring unsupported arg: port"}}
[debug] [2021-03-29T07:40:36.746Z] Starting Emulator UI with command {"binary":"node","args":["/Users/canon/.cache/firebase/emulators/ui-v1.4.2/server.bundle.js"],"optionalArgs":[],"joinArgs":false} {"metadata":{"emulator":{"name":"ui"},"message":"Starting Emulator UI with command {\"binary\":\"node\",\"args\":[\"/Users/canon/.cache/firebase/emulators/ui-v1.4.2/server.bundle.js\"],\"optionalArgs\":[],\"joinArgs\":false}"}}
[info] i  ui: Emulator UI logging to ui-debug.log {"metadata":{"emulator":{"name":"ui"},"message":"Emulator UI logging to \u001b[1mui-debug.log\u001b[22m"}}
[debug] [2021-03-29T07:40:36.835Z] Web / API server started at http://localhost:4000
 {"metadata":{"emulator":{"name":"ui"},"message":"Web / API server started at http://localhost:4000\n"}}
[info] i  functions: Watching "/Users/canon/workspace/vue/account-pbook/functions" for Cloud Functions... {"metadata":{"emulator":{"name":"functions"},"message":"Watching \"/Users/canon/workspace/vue/account-pbook/functions\" for Cloud Functions..."}}
[debug] [2021-03-29T07:40:37.016Z] [worker-pool] addWorker(~diagnostic~) {"metadata":{"emulator":{"name":"functions"},"message":"[worker-pool] addWorker(~diagnostic~)"}}
[debug] [2021-03-29T07:40:37.017Z] [worker-pool] Adding worker with key ~diagnostic~, total=1 {"metadata":{"emulator":{"name":"functions"},"message":"[worker-pool] Adding worker with key ~diagnostic~, total=1"}}
[debug] [2021-03-29T07:40:37.017Z] [worker-pool] submitWork(triggerId=) {"metadata":{"emulator":{"name":"functions"},"message":"[worker-pool] submitWork(triggerId=)"}}
[debug] [2021-03-29T07:40:37.017Z] [worker-~diagnostic~-9b049da3-0a5e-4560-b60d-7733bcd0a7e0]: Assigning socketPath: /var/folders/tc/z473llfj4rb7d05j6ppb7wc00000gn/T/fire_emu_3550.sock {"metadata":{"emulator":{"name":"functions"},"message":"[worker-~diagnostic~-9b049da3-0a5e-4560-b60d-7733bcd0a7e0]: Assigning socketPath: /var/folders/tc/z473llfj4rb7d05j6ppb7wc00000gn/T/fire_emu_3550.sock"}}
[debug] [2021-03-29T07:40:37.017Z] [worker-~diagnostic~-9b049da3-0a5e-4560-b60d-7733bcd0a7e0]: BUSY {"metadata":{"emulator":{"name":"functions"},"message":"[worker-~diagnostic~-9b049da3-0a5e-4560-b60d-7733bcd0a7e0]: BUSY"}}
[debug] [2021-03-29T07:40:37.152Z] [runtime-status] [3550] Functions runtime initialized. {"cwd":"/Users/canon/workspace/vue/account-pbook/functions","node_version":"15.2.1"} {"metadata":{"emulator":{"name":"functions"},"message":"[runtime-status] [3550] Functions runtime initialized. {\"cwd\":\"/Users/canon/workspace/vue/account-pbook/functions\",\"node_version\":\"15.2.1\"}"}}
[debug] [2021-03-29T07:40:37.154Z] [runtime-status] [3550] Disabled runtime features: undefined {"metadata":{"emulator":{"name":"functions"},"message":"[runtime-status] [3550] Disabled runtime features: undefined"}}
[debug] [2021-03-29T07:40:37.160Z] [runtime-status] [3550] Resolved module firebase-admin {"declared":true,"installed":true,"version":"9.5.0","resolution":"/Users/canon/workspace/vue/account-pbook/functions/node_modules/firebase-admin/lib/index.js"} {"metadata":{"emulator":{"name":"functions"},"message":"[runtime-status] [3550] Resolved module firebase-admin {\"declared\":true,\"installed\":true,\"version\":\"9.5.0\",\"resolution\":\"/Users/canon/workspace/vue/account-pbook/functions/node_modules/firebase-admin/lib/index.js\"}"}}
[debug] [2021-03-29T07:40:37.162Z] [runtime-status] [3550] Resolved module firebase-functions {"declared":true,"installed":true,"version":"3.13.2","resolution":"/Users/canon/workspace/vue/account-pbook/functions/node_modules/firebase-functions/lib/index.js"} {"metadata":{"emulator":{"name":"functions"},"message":"[runtime-status] [3550] Resolved module firebase-functions {\"declared\":true,\"installed\":true,\"version\":\"3.13.2\",\"resolution\":\"/Users/canon/workspace/vue/account-pbook/functions/node_modules/firebase-functions/lib/index.js\"}"}}
[debug] [2021-03-29T07:40:37.164Z] [runtime-status] [3550] Resolved module firebase-functions {"declared":true,"installed":true,"version":"3.13.2","resolution":"/Users/canon/workspace/vue/account-pbook/functions/node_modules/firebase-functions/lib/index.js"} {"metadata":{"emulator":{"name":"functions"},"message":"[runtime-status] [3550] Resolved module firebase-functions {\"declared\":true,\"installed\":true,\"version\":\"3.13.2\",\"resolution\":\"/Users/canon/workspace/vue/account-pbook/functions/node_modules/firebase-functions/lib/index.js\"}"}}
[debug] [2021-03-29T07:40:37.166Z] [runtime-status] [3550] Outgoing network have been stubbed. [{"name":"http","status":"mocked"},{"name":"http","status":"mocked"},{"name":"https","status":"mocked"},{"name":"https","status":"mocked"},{"name":"net","status":"mocked"}] {"metadata":{"emulator":{"name":"functions"},"message":"[runtime-status] [3550] Outgoing network have been stubbed. [{\"name\":\"http\",\"status\":\"mocked\"},{\"name\":\"http\",\"status\":\"mocked\"},{\"name\":\"https\",\"status\":\"mocked\"},{\"name\":\"https\",\"status\":\"mocked\"},{\"name\":\"net\",\"status\":\"mocked\"}]"}}
[debug] [2021-03-29T07:40:37.166Z] [runtime-status] [3550] Resolved module firebase-functions {"declared":true,"installed":true,"version":"3.13.2","resolution":"/Users/canon/workspace/vue/account-pbook/functions/node_modules/firebase-functions/lib/index.js"} {"metadata":{"emulator":{"name":"functions"},"message":"[runtime-status] [3550] Resolved module firebase-functions {\"declared\":true,\"installed\":true,\"version\":\"3.13.2\",\"resolution\":\"/Users/canon/workspace/vue/account-pbook/functions/node_modules/firebase-functions/lib/index.js\"}"}}
[debug] [2021-03-29T07:40:37.294Z] [runtime-status] [3550] Checked functions.config() {"config":{}} {"metadata":{"emulator":{"name":"functions"},"message":"[runtime-status] [3550] Checked functions.config() {\"config\":{}}"}}
[debug] [2021-03-29T07:40:37.295Z] [runtime-status] [3550] firebase-functions has been stubbed. {"functionsResolution":{"declared":true,"installed":true,"version":"3.13.2","resolution":"/Users/canon/workspace/vue/account-pbook/functions/node_modules/firebase-functions/lib/index.js"}} {"metadata":{"emulator":{"name":"functions"},"message":"[runtime-status] [3550] firebase-functions has been stubbed. {\"functionsResolution\":{\"declared\":true,\"installed\":true,\"version\":\"3.13.2\",\"resolution\":\"/Users/canon/workspace/vue/account-pbook/functions/node_modules/firebase-functions/lib/index.js\"}}"}}
[debug] [2021-03-29T07:40:37.296Z] [runtime-status] [3550] Resolved module firebase-functions {"declared":true,"installed":true,"version":"3.13.2","resolution":"/Users/canon/workspace/vue/account-pbook/functions/node_modules/firebase-functions/lib/index.js"} {"metadata":{"emulator":{"name":"functions"},"message":"[runtime-status] [3550] Resolved module firebase-functions {\"declared\":true,\"installed\":true,\"version\":\"3.13.2\",\"resolution\":\"/Users/canon/workspace/vue/account-pbook/functions/node_modules/firebase-functions/lib/index.js\"}"}}
[debug] [2021-03-29T07:40:37.296Z] [runtime-status] [3550] Resolved module firebase-admin {"declared":true,"installed":true,"version":"9.5.0","resolution":"/Users/canon/workspace/vue/account-pbook/functions/node_modules/firebase-admin/lib/index.js"} {"metadata":{"emulator":{"name":"functions"},"message":"[runtime-status] [3550] Resolved module firebase-admin {\"declared\":true,\"installed\":true,\"version\":\"9.5.0\",\"resolution\":\"/Users/canon/workspace/vue/account-pbook/functions/node_modules/firebase-admin/lib/index.js\"}"}}
[debug] [2021-03-29T07:40:37.297Z] [runtime-status] [3550] Resolved module firebase-functions {"declared":true,"installed":true,"version":"3.13.2","resolution":"/Users/canon/workspace/vue/account-pbook/functions/node_modules/firebase-functions/lib/index.js"} {"metadata":{"emulator":{"name":"functions"},"message":"[runtime-status] [3550] Resolved module firebase-functions {\"declared\":true,\"installed\":true,\"version\":\"3.13.2\",\"resolution\":\"/Users/canon/workspace/vue/account-pbook/functions/node_modules/firebase-functions/lib/index.js\"}"}}
[debug] [2021-03-29T07:40:37.297Z] [runtime-status] [3550] firebase-admin has been stubbed. {"adminResolution":{"declared":true,"installed":true,"version":"9.5.0","resolution":"/Users/canon/workspace/vue/account-pbook/functions/node_modules/firebase-admin/lib/index.js"}} {"metadata":{"emulator":{"name":"functions"},"message":"[runtime-status] [3550] firebase-admin has been stubbed. {\"adminResolution\":{\"declared\":true,\"installed\":true,\"version\":\"9.5.0\",\"resolution\":\"/Users/canon/workspace/vue/account-pbook/functions/node_modules/firebase-admin/lib/index.js\"}}"}}
[info] ✔  functions[helloOnCall]: http function initialized (http://localhost:5001/account-pbook/us-central1/helloOnCall). {"metadata":{"emulator":{"name":"functions"},"message":"\u001b[1mhttp\u001b[22m function initialized (http://localhost:5001/account-pbook/us-central1/helloOnCall)."}}
[info] 
┌─────────────────────────────────────────────────────────────┐
│ ✔  All emulators ready! It is now safe to connect your app. │
│ i  View Emulator UI at http://localhost:4000                │
└─────────────────────────────────────────────────────────────┘

┌───────────┬────────────────┬─────────────────────────────────┐
│ Emulator  │ Host:Port      │ View in Emulator UI             │
├───────────┼────────────────┼─────────────────────────────────┤
│ Functions │ localhost:5001 │ http://localhost:4000/functions │
└───────────┴────────────────┴─────────────────────────────────┘
  Emulator Hub running at localhost:4400
  Other reserved ports: 4500

Issues? Report them at https://github.com/firebase/firebase-tools/issues and attach the *-debug.log files.
 
[debug] [2021-03-29T07:40:37.303Z] [worker-~diagnostic~-9b049da3-0a5e-4560-b60d-7733bcd0a7e0]: IDLE {"metadata":{"emulator":{"name":"functions"},"message":"[worker-~diagnostic~-9b049da3-0a5e-4560-b60d-7733bcd0a7e0]: IDLE"}}
